2018-01-22T01:35:15.539982Z 0 [Note] Giving 3 client threads a chance to die gracefully
2018-01-22T01:35:15.540751Z 0 [Note] Shutting down slave threads
2018-01-22T01:35:17.541394Z 0 [Note] Forcefully disconnecting 3 remaining clients
2018-01-22T01:35:17.542579Z 0 [Warning] mysqld: Forcing close of thread 5  user: 'root'

2018-01-22T01:35:17.543519Z 0 [Warning] mysqld: Forcing close of thread 6  user: 'test'

2018-01-22T01:35:17.544298Z 0 [Warning] mysqld: Forcing close of thread 4  user: 'root'

2018-01-22T01:35:17.544911Z 0 [Note] Event Scheduler: Purging the queue. 0 events
2018-01-22T01:35:17.545668Z 0 [Note] Binlog end
2018-01-22T01:35:17.552037Z 0 [Note] Shutting down plugin 'ngram'
2018-01-22T01:35:17.552335Z 0 [Note] Shutting down plugin 'ARCHIVE'
2018-01-22T01:35:17.552534Z 0 [Note] Shutting down plugin 'partition'
2018-01-22T01:35:17.552718Z 0 [Note] Shutting down plugin 'BLACKHOLE'
2018-01-22T01:35:17.552892Z 0 [Note] Shutting down plugin 'MyISAM'
2018-01-22T01:35:17.553083Z 0 [Note] Shutting down plugin 'MRG_MYISAM'
2018-01-22T01:35:17.553294Z 0 [Note] Shutting down plugin 'INNODB_SYS_VIRTUAL'
2018-01-22T01:35:17.553531Z 0 [Note] Shutting down plugin 'INNODB_SYS_DATAFILES'
2018-01-22T01:35:17.553716Z 0 [Note] Shutting down plugin 'INNODB_SYS_TABLESPACES'
2018-01-22T01:35:17.553970Z 0 [Note] Shutting down plugin 'INNODB_SYS_FOREIGN_COLS'
2018-01-22T01:35:17.554159Z 0 [Note] Shutting down plugin 'INNODB_SYS_FOREIGN'
2018-01-22T01:35:17.554387Z 0 [Note] Shutting down plugin 'INNODB_SYS_FIELDS'
2018-01-22T01:35:17.554580Z 0 [Note] Shutting down plugin 'INNODB_SYS_COLUMNS'
2018-01-22T01:35:17.554796Z 0 [Note] Shutting down plugin 'INNODB_SYS_INDEXES'
2018-01-22T01:35:17.554968Z 0 [Note] Shutting down plugin 'INNODB_SYS_TABLESTATS'
2018-01-22T01:35:17.555156Z 0 [Note] Shutting down plugin 'INNODB_SYS_TABLES'
2018-01-22T01:35:17.555327Z 0 [Note] Shutting down plugin 'INNODB_FT_INDEX_TABLE'
2018-01-22T01:35:17.555596Z 0 [Note] Shutting down plugin 'INNODB_FT_INDEX_CACHE'
2018-01-22T01:35:17.555837Z 0 [Note] Shutting down plugin 'INNODB_FT_CONFIG'
2018-01-22T01:35:17.556031Z 0 [Note] Shutting down plugin 'INNODB_FT_BEING_DELETED'
2018-01-22T01:35:17.556239Z 0 [Note] Shutting down plugin 'INNODB_FT_DELETED'
2018-01-22T01:35:17.556462Z 0 [Note] Shutting down plugin 'INNODB_FT_DEFAULT_STOPWORD'
2018-01-22T01:35:17.556675Z 0 [Note] Shutting down plugin 'INNODB_METRICS'
2018-01-22T01:35:17.556850Z 0 [Note] Shutting down plugin 'INNODB_TEMP_TABLE_INFO'
2018-01-22T01:35:17.557000Z 0 [Note] Shutting down plugin 'INNODB_BUFFER_POOL_STATS'
2018-01-22T01:35:17.557185Z 0 [Note] Shutting down plugin 'INNODB_BUFFER_PAGE_LRU'
2018-01-22T01:35:17.557365Z 0 [Note] Shutting down plugin 'INNODB_BUFFER_PAGE'
2018-01-22T01:35:17.557567Z 0 [Note] Shutting down plugin 'INNODB_CMP_PER_INDEX_RESET'
2018-01-22T01:35:17.557758Z 0 [Note] Shutting down plugin 'INNODB_CMP_PER_INDEX'
2018-01-22T01:35:17.557968Z 0 [Note] Shutting down plugin 'INNODB_CMPMEM_RESET'
2018-01-22T01:35:17.558165Z 0 [Note] Shutting down plugin 'INNODB_CMPMEM'
2018-01-22T01:35:17.558351Z 0 [Note] Shutting down plugin 'INNODB_CMP_RESET'
2018-01-22T01:35:17.558559Z 0 [Note] Shutting down plugin 'INNODB_CMP'
2018-01-22T01:35:17.558727Z 0 [Note] Shutting down plugin 'INNODB_LOCK_WAITS'
2018-01-22T01:35:17.558924Z 0 [Note] Shutting down plugin 'INNODB_LOCKS'
2018-01-22T01:35:17.559085Z 0 [Note] Shutting down plugin 'INNODB_TRX'
2018-01-22T01:35:17.565810Z 0 [Note] Shutting down plugin 'InnoDB'
2018-01-22T01:35:17.566540Z 0 [Note] InnoDB: FTS optimize thread exiting.
2018-01-22T01:35:17.567324Z 0 [Note] InnoDB: Starting shutdown...
2018-01-22T01:35:17.672491Z 0 [Note] InnoDB: Dumping buffer pool(s) to /var/lib/mysql/ib_buffer_pool
2018-01-22T01:35:17.677587Z 0 [Note] InnoDB: Buffer pool(s) dump completed at 180122  9:35:17
2018-01-22T01:35:19.312773Z 0 [Note] InnoDB: Shutdown completed; log sequence number 12148958
2018-01-22T01:35:19.314716Z 0 [Note] InnoDB: Removed temporary tablespace data file: "ibtmp1"
2018-01-22T01:35:19.315071Z 0 [Note] Shutting down plugin 'CSV'
2018-01-22T01:35:19.315388Z 0 [Note] Shutting down plugin 'MEMORY'
2018-01-22T01:35:19.315674Z 0 [Note] Shutting down plugin 'PERFORMANCE_SCHEMA'
2018-01-22T01:35:19.316022Z 0 [Note] Shutting down plugin 'sha256_password'
2018-01-22T01:35:19.316304Z 0 [Note] Shutting down plugin 'mysql_native_password'
2018-01-22T01:35:19.316660Z 0 [Note] Shutting down plugin 'binlog'
2018-01-22T01:35:19.321260Z 0 [Note] mysqld: Shutdown complete

2018-01-22T01:35:22.460922Z 0 [Warning] TIMESTAMP with implicit DEFAULT value is deprecated. Please use --explicit_defaults_for_timestamp server option (see documentation for more details).
2018-01-22T01:35:22.465543Z 0 [Note] mysqld (mysqld 5.7.19-log) starting as process 1 ...
2018-01-22T01:35:22.469195Z 0 [Warning] Setting lower_case_table_names=2 because file system for /var/lib/mysql/ is case insensitive
2018-01-22T01:35:22.472638Z 0 [Note] InnoDB: PUNCH HOLE support available
2018-01-22T01:35:22.472902Z 0 [Note] InnoDB: Mutexes and rw_locks use GCC atomic builtins
2018-01-22T01:35:22.473127Z 0 [Note] InnoDB: Uses event mutexes
2018-01-22T01:35:22.473346Z 0 [Note] InnoDB: GCC builtin __atomic_thread_fence() is used for memory barrier
2018-01-22T01:35:22.473556Z 0 [Note] InnoDB: Compressed tables use zlib 1.2.3
2018-01-22T01:35:22.473746Z 0 [Note] InnoDB: Using Linux native AIO
2018-01-22T01:35:22.474129Z 0 [Note] InnoDB: Number of pools: 1
2018-01-22T01:35:22.474399Z 0 [Note] InnoDB: Using CPU crc32 instructions
2018-01-22T01:35:22.475711Z 0 [Note] InnoDB: Initializing buffer pool, total size = 128M, instances = 1, chunk size = 128M
2018-01-22T01:35:22.481263Z 0 [Note] InnoDB: Completed initialization of buffer pool
2018-01-22T01:35:22.482992Z 0 [Note] InnoDB: If the mysqld execution user is authorized, page cleaner thread priority can be changed. See the man page of setpriority().
2018-01-22T01:35:22.507867Z 0 [Note] InnoDB: Highest supported file format is Barracuda.
2018-01-22T01:35:22.556587Z 0 [Note] InnoDB: Creating shared tablespace for temporary tables
2018-01-22T01:35:22.557750Z 0 [Note] InnoDB: Setting file './ibtmp1' size to 12 MB. Physically writing the file full; Please wait ...
2018-01-22T01:35:22.664896Z 0 [Note] InnoDB: File './ibtmp1' size is now 12 MB.
2018-01-22T01:35:22.668766Z 0 [Note] InnoDB: 96 redo rollback segment(s) found. 96 redo rollback segment(s) are active.
2018-01-22T01:35:22.669102Z 0 [Note] InnoDB: 32 non-redo rollback segment(s) are active.
2018-01-22T01:35:22.670198Z 0 [Note] InnoDB: 5.7.19 started; log sequence number 12148958
2018-01-22T01:35:22.670682Z 0 [Note] Plugin 'FEDERATED' is disabled.
2018-01-22T01:35:22.671362Z 0 [Note] InnoDB: Loading buffer pool(s) from /var/lib/mysql/ib_buffer_pool
2018-01-22T01:35:22.706632Z 0 [Note] Found ca.pem, server-cert.pem and server-key.pem in data directory. Trying to enable SSL support using them.
2018-01-22T01:35:22.713513Z 0 [Warning] CA certificate ca.pem is self signed.
2018-01-22T01:35:22.714149Z 0 [Note] InnoDB: Buffer pool(s) load completed at 180122  9:35:22
2018-01-22T01:35:22.715291Z 0 [Note] Server hostname (bind-address): '*'; port: 3306
2018-01-22T01:35:22.715540Z 0 [Note] IPv6 is available.
2018-01-22T01:35:22.715755Z 0 [Note]   - '::' resolves to '::';
2018-01-22T01:35:22.715983Z 0 [Note] Server socket created on IP: '::'.
2018-01-22T01:35:22.738219Z 0 [Warning] 'user' entry 'root@localhost' ignored in --skip-name-resolve mode.
2018-01-22T01:35:22.738462Z 0 [Warning] 'user' entry 'mysql.sys@localhost' ignored in --skip-name-resolve mode.
2018-01-22T01:35:22.739138Z 0 [Warning] 'db' entry 'performance_schema mysql.session@localhost' ignored in --skip-name-resolve mode.
2018-01-22T01:35:22.739324Z 0 [Warning] 'db' entry 'sys mysql.sys@localhost' ignored in --skip-name-resolve mode.
2018-01-22T01:35:22.739990Z 0 [Warning] 'proxies_priv' entry '@ root@localhost' ignored in --skip-name-resolve mode.
2018-01-22T01:35:22.770624Z 0 [Warning] 'tables_priv' entry 'user mysql.session@localhost' ignored in --skip-name-resolve mode.
2018-01-22T01:35:22.770855Z 0 [Warning] 'tables_priv' entry 'sys_config mysql.sys@localhost' ignored in --skip-name-resolve mode.
2018-01-22T01:35:22.927339Z 0 [Note] Event Scheduler: Loaded 0 events
2018-01-22T01:35:22.927815Z 0 [Note] mysqld: ready for connections.
Version: '5.7.19-log'  socket: '/var/run/mysqld/mysqld.sock'  port: 3306  MySQL Community Server (GPL)
2018-01-22T01:35:22.928063Z 0 [Note] Executing 'SELECT * FROM INFORMATION_SCHEMA.TABLES;' to get a list of tables using the deprecated partition engine. You may use the startup option '--disable-partition-engine-check' to skip this check. 
2018-01-22T01:35:22.928290Z 0 [Note] Beginning of list of non-natively partitioned tables
2018-01-22T01:35:23.294575Z 0 [Note] End of list of non-natively partitioned tables
2018-01-22T01:38:11.387054Z 0 [Note] Giving 0 client threads a chance to die gracefully
2018-01-22T01:38:11.387512Z 0 [Note] Shutting down slave threads
2018-01-22T01:38:11.387841Z 0 [Note] Forcefully disconnecting 0 remaining clients
2018-01-22T01:38:11.388130Z 0 [Note] Event Scheduler: Purging the queue. 0 events
2018-01-22T01:38:11.388486Z 0 [Note] Binlog end
2018-01-22T01:38:11.392918Z 0 [Note] Shutting down plugin 'ngram'
2018-01-22T01:38:11.393193Z 0 [Note] Shutting down plugin 'ARCHIVE'
2018-01-22T01:38:11.393426Z 0 [Note] Shutting down plugin 'partition'
2018-01-22T01:38:11.393643Z 0 [Note] Shutting down plugin 'BLACKHOLE'
2018-01-22T01:38:11.393847Z 0 [Note] Shutting down plugin 'MyISAM'
2018-01-22T01:38:11.394065Z 0 [Note] Shutting down plugin 'MRG_MYISAM'
2018-01-22T01:38:11.394283Z 0 [Note] Shutting down plugin 'INNODB_SYS_VIRTUAL'
2018-01-22T01:38:11.394576Z 0 [Note] Shutting down plugin 'INNODB_SYS_DATAFILES'
2018-01-22T01:38:11.394775Z 0 [Note] Shutting down plugin 'INNODB_SYS_TABLESPACES'
2018-01-22T01:38:11.394987Z 0 [Note] Shutting down plugin 'INNODB_SYS_FOREIGN_COLS'
2018-01-22T01:38:11.395200Z 0 [Note] Shutting down plugin 'INNODB_SYS_FOREIGN'
2018-01-22T01:38:11.395434Z 0 [Note] Shutting down plugin 'INNODB_SYS_FIELDS'
2018-01-22T01:38:11.395648Z 0 [Note] Shutting down plugin 'INNODB_SYS_COLUMNS'
2018-01-22T01:38:11.395859Z 0 [Note] Shutting down plugin 'INNODB_SYS_INDEXES'
2018-01-22T01:38:11.396063Z 0 [Note] Shutting down plugin 'INNODB_SYS_TABLESTATS'
2018-01-22T01:38:11.396294Z 0 [Note] Shutting down plugin 'INNODB_SYS_TABLES'
2018-01-22T01:38:11.396505Z 0 [Note] Shutting down plugin 'INNODB_FT_INDEX_TABLE'
2018-01-22T01:38:11.396713Z 0 [Note] Shutting down plugin 'INNODB_FT_INDEX_CACHE'
2018-01-22T01:38:11.396909Z 0 [Note] Shutting down plugin 'INNODB_FT_CONFIG'
2018-01-22T01:38:11.397114Z 0 [Note] Shutting down plugin 'INNODB_FT_BEING_DELETED'
2018-01-22T01:38:11.397321Z 0 [Note] Shutting down plugin 'INNODB_FT_DELETED'
2018-01-22T01:38:11.397537Z 0 [Note] Shutting down plugin 'INNODB_FT_DEFAULT_STOPWORD'
2018-01-22T01:38:11.397745Z 0 [Note] Shutting down plugin 'INNODB_METRICS'
2018-01-22T01:38:11.397945Z 0 [Note] Shutting down plugin 'INNODB_TEMP_TABLE_INFO'
2018-01-22T01:38:11.398150Z 0 [Note] Shutting down plugin 'INNODB_BUFFER_POOL_STATS'
2018-01-22T01:38:11.398327Z 0 [Note] Shutting down plugin 'INNODB_BUFFER_PAGE_LRU'
2018-01-22T01:38:11.398522Z 0 [Note] Shutting down plugin 'INNODB_BUFFER_PAGE'
2018-01-22T01:38:11.398721Z 0 [Note] Shutting down plugin 'INNODB_CMP_PER_INDEX_RESET'
2018-01-22T01:38:11.398922Z 0 [Note] Shutting down plugin 'INNODB_CMP_PER_INDEX'
2018-01-22T01:38:11.399114Z 0 [Note] Shutting down plugin 'INNODB_CMPMEM_RESET'
2018-01-22T01:38:11.399294Z 0 [Note] Shutting down plugin 'INNODB_CMPMEM'
2018-01-22T01:38:11.399467Z 0 [Note] Shutting down plugin 'INNODB_CMP_RESET'
2018-01-22T01:38:11.399663Z 0 [Note] Shutting down plugin 'INNODB_CMP'
2018-01-22T01:38:11.399865Z 0 [Note] Shutting down plugin 'INNODB_LOCK_WAITS'
2018-01-22T01:38:11.400067Z 0 [Note] Shutting down plugin 'INNODB_LOCKS'
2018-01-22T01:38:11.400265Z 0 [Note] Shutting down plugin 'INNODB_TRX'
2018-01-22T01:38:11.400481Z 0 [Note] Shutting down plugin 'InnoDB'
2018-01-22T01:38:11.400762Z 0 [Note] InnoDB: FTS optimize thread exiting.
2018-01-22T01:38:11.401158Z 0 [Note] InnoDB: Starting shutdown...
2018-01-22T01:38:11.505701Z 0 [Note] InnoDB: Dumping buffer pool(s) to /var/lib/mysql/ib_buffer_pool
2018-01-22T01:38:11.509540Z 0 [Note] InnoDB: Buffer pool(s) dump completed at 180122  9:38:11
2018-01-22T01:38:12.837409Z 0 [Note] InnoDB: Shutdown completed; log sequence number 12148986
2018-01-22T01:38:12.840288Z 0 [Note] InnoDB: Removed temporary tablespace data file: "ibtmp1"
2018-01-22T01:38:12.840766Z 0 [Note] Shutting down plugin 'CSV'
2018-01-22T01:38:12.841171Z 0 [Note] Shutting down plugin 'MEMORY'
2018-01-22T01:38:12.841590Z 0 [Note] Shutting down plugin 'PERFORMANCE_SCHEMA'
2018-01-22T01:38:12.841989Z 0 [Note] Shutting down plugin 'sha256_password'
2018-01-22T01:38:12.842249Z 0 [Note] Shutting down plugin 'mysql_native_password'
2018-01-22T01:38:12.842644Z 0 [Note] Shutting down plugin 'binlog'
2018-01-22T01:38:12.846712Z 0 [Note] mysqld: Shutdown complete

2018-01-22T09:38:15.859755+08:00 0 [Warning] TIMESTAMP with implicit DEFAULT value is deprecated. Please use --explicit_defaults_for_timestamp server option (see documentation for more details).
2018-01-22T09:38:15.865386+08:00 0 [Note] mysqld (mysqld 5.7.19-log) starting as process 1 ...
2018-01-22T09:38:15.872566+08:00 0 [Warning] Setting lower_case_table_names=2 because file system for /var/lib/mysql/ is case insensitive
2018-01-22T09:38:15.878345+08:00 0 [Note] InnoDB: PUNCH HOLE support available
2018-01-22T09:38:15.878806+08:00 0 [Note] InnoDB: Mutexes and rw_locks use GCC atomic builtins
2018-01-22T09:38:15.879174+08:00 0 [Note] InnoDB: Uses event mutexes
2018-01-22T09:38:15.879543+08:00 0 [Note] InnoDB: GCC builtin __atomic_thread_fence() is used for memory barrier
2018-01-22T09:38:15.879973+08:00 0 [Note] InnoDB: Compressed tables use zlib 1.2.3
2018-01-22T09:38:15.880838+08:00 0 [Note] InnoDB: Using Linux native AIO
2018-01-22T09:38:15.881986+08:00 0 [Note] InnoDB: Number of pools: 1
2018-01-22T09:38:15.882379+08:00 0 [Note] InnoDB: Using CPU crc32 instructions
2018-01-22T09:38:15.884201+08:00 0 [Note] InnoDB: Initializing buffer pool, total size = 128M, instances = 1, chunk size = 128M
2018-01-22T09:38:15.892562+08:00 0 [Note] InnoDB: Completed initialization of buffer pool
2018-01-22T09:38:15.894383+08:00 0 [Note] InnoDB: If the mysqld execution user is authorized, page cleaner thread priority can be changed. See the man page of setpriority().
2018-01-22T09:38:15.919823+08:00 0 [Note] InnoDB: Highest supported file format is Barracuda.
2018-01-22T09:38:15.977151+08:00 0 [Note] InnoDB: Creating shared tablespace for temporary tables
2018-01-22T09:38:15.978074+08:00 0 [Note] InnoDB: Setting file './ibtmp1' size to 12 MB. Physically writing the file full; Please wait ...
2018-01-22T09:38:16.061185+08:00 0 [Note] InnoDB: File './ibtmp1' size is now 12 MB.
2018-01-22T09:38:16.066681+08:00 0 [Note] InnoDB: 96 redo rollback segment(s) found. 96 redo rollback segment(s) are active.
2018-01-22T09:38:16.067312+08:00 0 [Note] InnoDB: 32 non-redo rollback segment(s) are active.
2018-01-22T09:38:16.069250+08:00 0 [Note] InnoDB: 5.7.19 started; log sequence number 12148986
2018-01-22T09:38:16.069787+08:00 0 [Note] Plugin 'FEDERATED' is disabled.
2018-01-22T09:38:16.070456+08:00 0 [Note] InnoDB: Loading buffer pool(s) from /var/lib/mysql/ib_buffer_pool
2018-01-22T09:38:16.104862+08:00 0 [Note] Found ca.pem, server-cert.pem and server-key.pem in data directory. Trying to enable SSL support using them.
2018-01-22T09:38:16.110271+08:00 0 [Warning] CA certificate ca.pem is self signed.
2018-01-22T09:38:16.111695+08:00 0 [Note] InnoDB: Buffer pool(s) load completed at 180122  9:38:16
2018-01-22T09:38:16.112012+08:00 0 [Note] Server hostname (bind-address): '*'; port: 3306
2018-01-22T09:38:16.112236+08:00 0 [Note] IPv6 is available.
2018-01-22T09:38:16.112425+08:00 0 [Note]   - '::' resolves to '::';
2018-01-22T09:38:16.112618+08:00 0 [Note] Server socket created on IP: '::'.
2018-01-22T09:38:16.132282+08:00 0 [Warning] 'user' entry 'root@localhost' ignored in --skip-name-resolve mode.
2018-01-22T09:38:16.132512+08:00 0 [Warning] 'user' entry 'mysql.sys@localhost' ignored in --skip-name-resolve mode.
2018-01-22T09:38:16.133123+08:00 0 [Warning] 'db' entry 'performance_schema mysql.session@localhost' ignored in --skip-name-resolve mode.
2018-01-22T09:38:16.133329+08:00 0 [Warning] 'db' entry 'sys mysql.sys@localhost' ignored in --skip-name-resolve mode.
2018-01-22T09:38:16.133863+08:00 0 [Warning] 'proxies_priv' entry '@ root@localhost' ignored in --skip-name-resolve mode.
2018-01-22T09:38:16.159007+08:00 0 [Warning] 'tables_priv' entry 'user mysql.session@localhost' ignored in --skip-name-resolve mode.
2018-01-22T09:38:16.159219+08:00 0 [Warning] 'tables_priv' entry 'sys_config mysql.sys@localhost' ignored in --skip-name-resolve mode.
2018-01-22T09:38:16.298745+08:00 0 [Note] Event Scheduler: Loaded 0 events
2018-01-22T09:38:16.299163+08:00 0 [Note] mysqld: ready for connections.
Version: '5.7.19-log'  socket: '/var/run/mysqld/mysqld.sock'  port: 3306  MySQL Community Server (GPL)
2018-01-22T09:38:16.299362+08:00 0 [Note] Executing 'SELECT * FROM INFORMATION_SCHEMA.TABLES;' to get a list of tables using the deprecated partition engine. You may use the startup option '--disable-partition-engine-check' to skip this check. 
2018-01-22T09:38:16.299557+08:00 0 [Note] Beginning of list of non-natively partitioned tables
2018-01-22T09:38:16.599814+08:00 0 [Note] End of list of non-natively partitioned tables
2018-01-22T12:51:54.000441+08:00 0 [Note] InnoDB: page_cleaner: 1000ms intended loop took 4654580ms. The settings might not be optimal. (flushed=0 and evicted=0, during the time.)
2018-01-22T13:56:16.000560+08:00 0 [Note] InnoDB: page_cleaner: 1000ms intended loop took 841445ms. The settings might not be optimal. (flushed=0 and evicted=0, during the time.)
2018-01-22T19:37:15.006322+08:00 0 [Note] InnoDB: page_cleaner: 1000ms intended loop took 9150229ms. The settings might not be optimal. (flushed=0 and evicted=0, during the time.)
2018-01-22T23:37:45.954332+08:00 0 [Note] InnoDB: page_cleaner: 1000ms intended loop took 46547ms. The settings might not be optimal. (flushed=0 and evicted=0, during the time.)
2018-01-22T23:38:47.080907+08:00 0 [Note] InnoDB: page_cleaner: 1000ms intended loop took 23930ms. The settings might not be optimal. (flushed=0 and evicted=0, during the time.)
2018-01-23T10:44:48.000966+08:00 0 [Note] InnoDB: page_cleaner: 1000ms intended loop took 962944ms. The settings might not be optimal. (flushed=0 and evicted=0, during the time.)
2018-01-23T12:05:29.000296+08:00 0 [Note] InnoDB: page_cleaner: 1000ms intended loop took 1464086ms. The settings might not be optimal. (flushed=0 and evicted=0, during the time.)
2018-01-23T19:29:10.000328+08:00 0 [Note] InnoDB: page_cleaner: 1000ms intended loop took 6431979ms. The settings might not be optimal. (flushed=0 and evicted=0, during the time.)
2018-01-23T20:36:42.605008+08:00 0 [Warning] TIMESTAMP with implicit DEFAULT value is deprecated. Please use --explicit_defaults_for_timestamp server option (see documentation for more details).
2018-01-23T20:36:42.610862+08:00 0 [Note] mysqld (mysqld 5.7.19-log) starting as process 1 ...
2018-01-23T20:36:42.614003+08:00 0 [Warning] Setting lower_case_table_names=2 because file system for /var/lib/mysql/ is case insensitive
2018-01-23T20:36:42.619400+08:00 0 [Note] InnoDB: PUNCH HOLE support available
2018-01-23T20:36:42.619636+08:00 0 [Note] InnoDB: Mutexes and rw_locks use GCC atomic builtins
2018-01-23T20:36:42.619787+08:00 0 [Note] InnoDB: Uses event mutexes
2018-01-23T20:36:42.619931+08:00 0 [Note] InnoDB: GCC builtin __atomic_thread_fence() is used for memory barrier
2018-01-23T20:36:42.620108+08:00 0 [Note] InnoDB: Compressed tables use zlib 1.2.3
2018-01-23T20:36:42.620268+08:00 0 [Note] InnoDB: Using Linux native AIO
2018-01-23T20:36:42.621820+08:00 0 [Note] InnoDB: Number of pools: 1
2018-01-23T20:36:42.624149+08:00 0 [Note] InnoDB: Using CPU crc32 instructions
2018-01-23T20:36:42.626714+08:00 0 [Note] InnoDB: Initializing buffer pool, total size = 128M, instances = 1, chunk size = 128M
2018-01-23T20:36:42.640733+08:00 0 [Note] InnoDB: Completed initialization of buffer pool
2018-01-23T20:36:42.646476+08:00 0 [Note] InnoDB: If the mysqld execution user is authorized, page cleaner thread priority can be changed. See the man page of setpriority().
2018-01-23T20:36:42.675597+08:00 0 [Note] InnoDB: Highest supported file format is Barracuda.
2018-01-23T20:36:42.682945+08:00 0 [Note] InnoDB: Log scan progressed past the checkpoint lsn 12149005
2018-01-23T20:36:42.683082+08:00 0 [Note] InnoDB: Doing recovery: scanned up to log sequence number 12149014
2018-01-23T20:36:42.683218+08:00 0 [Note] InnoDB: Database was not shutdown normally!
2018-01-23T20:36:42.683327+08:00 0 [Note] InnoDB: Starting crash recovery.
2018-01-23T20:36:42.853834+08:00 0 [Note] InnoDB: Removed temporary tablespace data file: "ibtmp1"
2018-01-23T20:36:42.854216+08:00 0 [Note] InnoDB: Creating shared tablespace for temporary tables
2018-01-23T20:36:42.855347+08:00 0 [Note] InnoDB: Setting file './ibtmp1' size to 12 MB. Physically writing the file full; Please wait ...
2018-01-23T20:36:42.928881+08:00 0 [Note] InnoDB: File './ibtmp1' size is now 12 MB.
2018-01-23T20:36:42.932063+08:00 0 [Note] InnoDB: 96 redo rollback segment(s) found. 96 redo rollback segment(s) are active.
2018-01-23T20:36:42.932351+08:00 0 [Note] InnoDB: 32 non-redo rollback segment(s) are active.
2018-01-23T20:36:42.933116+08:00 0 [Note] InnoDB: 5.7.19 started; log sequence number 12149014
2018-01-23T20:36:42.933824+08:00 0 [Note] Plugin 'FEDERATED' is disabled.
2018-01-23T20:36:42.933939+08:00 0 [Note] InnoDB: Loading buffer pool(s) from /var/lib/mysql/ib_buffer_pool
2018-01-23T20:36:42.964067+08:00 0 [Note] Found ca.pem, server-cert.pem and server-key.pem in data directory. Trying to enable SSL support using them.
2018-01-23T20:36:42.969451+08:00 0 [Note] InnoDB: Buffer pool(s) load completed at 180123 20:36:42
2018-01-23T20:36:42.969451+08:00 0 [Warning] CA certificate ca.pem is self signed.
2018-01-23T20:36:42.973057+08:00 0 [Note] Server hostname (bind-address): '*'; port: 3306
2018-01-23T20:36:42.973295+08:00 0 [Note] IPv6 is available.
2018-01-23T20:36:42.973423+08:00 0 [Note]   - '::' resolves to '::';
2018-01-23T20:36:42.973547+08:00 0 [Note] Server socket created on IP: '::'.
2018-01-23T20:36:42.989533+08:00 0 [Warning] 'user' entry 'root@localhost' ignored in --skip-name-resolve mode.
2018-01-23T20:36:42.989743+08:00 0 [Warning] 'user' entry 'mysql.sys@localhost' ignored in --skip-name-resolve mode.
2018-01-23T20:36:42.990587+08:00 0 [Warning] 'db' entry 'performance_schema mysql.session@localhost' ignored in --skip-name-resolve mode.
2018-01-23T20:36:42.990769+08:00 0 [Warning] 'db' entry 'sys mysql.sys@localhost' ignored in --skip-name-resolve mode.
2018-01-23T20:36:42.991405+08:00 0 [Warning] 'proxies_priv' entry '@ root@localhost' ignored in --skip-name-resolve mode.
2018-01-23T20:36:43.012421+08:00 0 [Warning] 'tables_priv' entry 'user mysql.session@localhost' ignored in --skip-name-resolve mode.
2018-01-23T20:36:43.012577+08:00 0 [Warning] 'tables_priv' entry 'sys_config mysql.sys@localhost' ignored in --skip-name-resolve mode.
2018-01-23T20:36:43.122564+08:00 0 [Note] Event Scheduler: Loaded 0 events
2018-01-23T20:36:43.122915+08:00 0 [Note] mysqld: ready for connections.
Version: '5.7.19-log'  socket: '/var/run/mysqld/mysqld.sock'  port: 3306  MySQL Community Server (GPL)
2018-01-23T20:36:43.123077+08:00 0 [Note] Executing 'SELECT * FROM INFORMATION_SCHEMA.TABLES;' to get a list of tables using the deprecated partition engine. You may use the startup option '--disable-partition-engine-check' to skip this check. 
2018-01-23T20:36:43.123214+08:00 0 [Note] Beginning of list of non-natively partitioned tables
2018-01-23T20:36:43.349334+08:00 0 [Note] End of list of non-natively partitioned tables
2018-01-23T20:59:42.908632+08:00 0 [Note] Giving 0 client threads a chance to die gracefully
2018-01-23T20:59:42.908896+08:00 0 [Note] Shutting down slave threads
2018-01-23T20:59:42.909064+08:00 0 [Note] Forcefully disconnecting 0 remaining clients
2018-01-23T20:59:42.909227+08:00 0 [Note] Event Scheduler: Purging the queue. 0 events
2018-01-23T20:59:42.909435+08:00 0 [Note] Binlog end
2018-01-23T20:59:42.913027+08:00 0 [Note] Shutting down plugin 'ngram'
2018-01-23T20:59:42.913185+08:00 0 [Note] Shutting down plugin 'ARCHIVE'
2018-01-23T20:59:42.913314+08:00 0 [Note] Shutting down plugin 'partition'
2018-01-23T20:59:42.913432+08:00 0 [Note] Shutting down plugin 'BLACKHOLE'
2018-01-23T20:59:42.913546+08:00 0 [Note] Shutting down plugin 'MyISAM'
2018-01-23T20:59:42.913663+08:00 0 [Note] Shutting down plugin 'MRG_MYISAM'
2018-01-23T20:59:42.913770+08:00 0 [Note] Shutting down plugin 'INNODB_SYS_VIRTUAL'
2018-01-23T20:59:42.913879+08:00 0 [Note] Shutting down plugin 'INNODB_SYS_DATAFILES'
2018-01-23T20:59:42.914018+08:00 0 [Note] Shutting down plugin 'INNODB_SYS_TABLESPACES'
2018-01-23T20:59:42.914157+08:00 0 [Note] Shutting down plugin 'INNODB_SYS_FOREIGN_COLS'
2018-01-23T20:59:42.914268+08:00 0 [Note] Shutting down plugin 'INNODB_SYS_FOREIGN'
2018-01-23T20:59:42.914375+08:00 0 [Note] Shutting down plugin 'INNODB_SYS_FIELDS'
2018-01-23T20:59:42.914475+08:00 0 [Note] Shutting down plugin 'INNODB_SYS_COLUMNS'
2018-01-23T20:59:42.914589+08:00 0 [Note] Shutting down plugin 'INNODB_SYS_INDEXES'
2018-01-23T20:59:42.914701+08:00 0 [Note] Shutting down plugin 'INNODB_SYS_TABLESTATS'
2018-01-23T20:59:42.914811+08:00 0 [Note] Shutting down plugin 'INNODB_SYS_TABLES'
2018-01-23T20:59:42.914930+08:00 0 [Note] Shutting down plugin 'INNODB_FT_INDEX_TABLE'
2018-01-23T20:59:42.915039+08:00 0 [Note] Shutting down plugin 'INNODB_FT_INDEX_CACHE'
2018-01-23T20:59:42.915145+08:00 0 [Note] Shutting down plugin 'INNODB_FT_CONFIG'
2018-01-23T20:59:42.915240+08:00 0 [Note] Shutting down plugin 'INNODB_FT_BEING_DELETED'
2018-01-23T20:59:42.915344+08:00 0 [Note] Shutting down plugin 'INNODB_FT_DELETED'
2018-01-23T20:59:42.915450+08:00 0 [Note] Shutting down plugin 'INNODB_FT_DEFAULT_STOPWORD'
2018-01-23T20:59:42.915593+08:00 0 [Note] Shutting down plugin 'INNODB_METRICS'
2018-01-23T20:59:42.915710+08:00 0 [Note] Shutting down plugin 'INNODB_TEMP_TABLE_INFO'
2018-01-23T20:59:42.915813+08:00 0 [Note] Shutting down plugin 'INNODB_BUFFER_POOL_STATS'
2018-01-23T20:59:42.915913+08:00 0 [Note] Shutting down plugin 'INNODB_BUFFER_PAGE_LRU'
2018-01-23T20:59:42.916027+08:00 0 [Note] Shutting down plugin 'INNODB_BUFFER_PAGE'
2018-01-23T20:59:42.916133+08:00 0 [Note] Shutting down plugin 'INNODB_CMP_PER_INDEX_RESET'
2018-01-23T20:59:42.916242+08:00 0 [Note] Shutting down plugin 'INNODB_CMP_PER_INDEX'
2018-01-23T20:59:42.916350+08:00 0 [Note] Shutting down plugin 'INNODB_CMPMEM_RESET'
2018-01-23T20:59:42.916456+08:00 0 [Note] Shutting down plugin 'INNODB_CMPMEM'
2018-01-23T20:59:42.916599+08:00 0 [Note] Shutting down plugin 'INNODB_CMP_RESET'
2018-01-23T20:59:42.916735+08:00 0 [Note] Shutting down plugin 'INNODB_CMP'
2018-01-23T20:59:42.916870+08:00 0 [Note] Shutting down plugin 'INNODB_LOCK_WAITS'
2018-01-23T20:59:42.917034+08:00 0 [Note] Shutting down plugin 'INNODB_LOCKS'
2018-01-23T20:59:42.917155+08:00 0 [Note] Shutting down plugin 'INNODB_TRX'
2018-01-23T20:59:42.917294+08:00 0 [Note] Shutting down plugin 'InnoDB'
2018-01-23T20:59:42.917516+08:00 0 [Note] InnoDB: FTS optimize thread exiting.
2018-01-23T20:59:42.917801+08:00 0 [Note] InnoDB: Starting shutdown...
2018-01-23T20:59:43.021541+08:00 0 [Note] InnoDB: Dumping buffer pool(s) to /var/lib/mysql/ib_buffer_pool
2018-01-23T20:59:43.031239+08:00 0 [Note] InnoDB: Buffer pool(s) dump completed at 180123 20:59:43
2018-01-23T20:59:44.148923+08:00 0 [Note] InnoDB: Shutdown completed; log sequence number 12149042
2018-01-23T20:59:44.150246+08:00 0 [Note] InnoDB: Removed temporary tablespace data file: "ibtmp1"
2018-01-23T20:59:44.150499+08:00 0 [Note] Shutting down plugin 'CSV'
2018-01-23T20:59:44.150716+08:00 0 [Note] Shutting down plugin 'MEMORY'
2018-01-23T20:59:44.151002+08:00 0 [Note] Shutting down plugin 'PERFORMANCE_SCHEMA'
2018-01-23T20:59:44.151236+08:00 0 [Note] Shutting down plugin 'sha256_password'
2018-01-23T20:59:44.151418+08:00 0 [Note] Shutting down plugin 'mysql_native_password'
2018-01-23T20:59:44.151726+08:00 0 [Note] Shutting down plugin 'binlog'
2018-01-23T20:59:44.154852+08:00 0 [Note] mysqld: Shutdown complete

